<?xml version="1.0" encoding="UTF-8"?>
<!-- Generated by org.testng.reporters.JUnitXMLReporter -->
<testsuite hostname="Venky" ignored="0" name="UsersTest" tests="3" failures="0" timestamp="20 Aug 2017 17:20:19 GMT" time="26.056" errors="0">
  <testcase name="invalidLogin" time="1.333" classname="login.LoginWithPagesV"/>
  <testcase name="validLogin" time="11.555" classname="login.LoginWithPagesV"/>
  <testcase name="searchUser" time="13.14" classname="Users.UsersSearch"/>
</testsuite> <!-- UsersTest -->
