<?xml version="1.0" encoding="UTF-8"?>
<!-- Generated by org.testng.reporters.JUnitXMLReporter -->
<testsuite hostname="E0820F1D1" ignored="0" name="UsersTest" tests="7" failures="2" timestamp="26 Oct 2017 13:54:53 GMT" time="116.278" errors="0">
  <testcase name="clickForgotPasswordLink" time="5.984" classname="login.LoginWithPagesV"/>
  <testcase name="invalidLogin" time="1.168" classname="login.LoginWithPagesV"/>
  <testcase name="invalidLogin1" time="1.15" classname="login.LoginWithPagesV"/>
  <testcase name="invalidLogin2" time="1.468" classname="login.LoginWithPagesV"/>
  <testcase name="invalidLogin3" time="0.364" classname="login.LoginWithPagesV">
    <failure type="java.lang.AssertionError" message="expected [Invalid user name/password  ] but found [Please provide user name]">
      <![CDATA[java.lang.AssertionError: expected [Invalid user name/password  ] but found [Please provide user name]
	at login.LoginWithPagesV.invalidLogin3(LoginWithPagesV.java:83)
... Removed 31 stack frames]]>
    </failure>
  </testcase> <!-- invalidLogin3 -->
  <testcase name="invalid_EmailId_ForgotPasswordLink" time="5.926" classname="login.LoginWithPagesV">
    <failure type="java.lang.AssertionError" message="expected [Please provide valid email] but found [ ]">
      <![CDATA[java.lang.AssertionError: expected [Please provide valid email] but found [ ]
	at login.LoginWithPagesV.invalid_EmailId_ForgotPasswordLink(LoginWithPagesV.java:104)
... Removed 31 stack frames]]>
    </failure>
  </testcase> <!-- invalid_EmailId_ForgotPasswordLink -->
  <testcase name="validLogin" time="8.437" classname="login.LoginWithPagesV"/>
</testsuite> <!-- UsersTest -->
