<?xml version="1.0" encoding="UTF-8"?>
<testng-results skipped="0" failed="0" ignored="0" total="3" passed="3">
  <reporter-output>
  </reporter-output>
  <suite name="Regression" duration-ms="26056" started-at="2017-08-20T17:19:53Z" finished-at="2017-08-20T17:20:19Z">
    <groups>
      <group name="Regression">
        <method signature="LoginWithPagesV.validLogin()[pri:0, instance:login.LoginWithPagesV@5f341870]" name="validLogin" class="login.LoginWithPagesV"/>
      </group> <!-- Regression -->
    </groups>
    <test name="UsersTest" duration-ms="26056" started-at="2017-08-20T17:19:53Z" finished-at="2017-08-20T17:20:19Z">
      <class name="Users.UsersSearch">
        <test-method status="PASS" signature="searchUser()[pri:0, instance:Users.UsersSearch@271053e1]" name="searchUser" duration-ms="13140" started-at="2017-08-20T22:50:06Z" finished-at="2017-08-20T22:50:19Z">
          <reporter-output>
          </reporter-output>
        </test-method> <!-- searchUser -->
      </class> <!-- Users.UsersSearch -->
      <class name="login.LoginWithPagesV">
        <test-method status="PASS" signature="instantiateBrowser()[pri:0, instance:login.LoginWithPagesV@5f341870]" name="instantiateBrowser" is-config="true" duration-ms="12224" started-at="2017-08-20T22:49:40Z" finished-at="2017-08-20T22:49:53Z">
          <reporter-output>
          </reporter-output>
        </test-method> <!-- instantiateBrowser -->
        <test-method status="PASS" signature="invalidLogin()[pri:0, instance:login.LoginWithPagesV@5f341870]" name="invalidLogin" duration-ms="1333" started-at="2017-08-20T22:49:53Z" finished-at="2017-08-20T22:49:54Z">
          <reporter-output>
          </reporter-output>
        </test-method> <!-- invalidLogin -->
        <test-method status="PASS" signature="validLogin()[pri:0, instance:login.LoginWithPagesV@5f341870]" name="validLogin" duration-ms="11555" started-at="2017-08-20T22:49:54Z" finished-at="2017-08-20T22:50:06Z">
          <reporter-output>
          </reporter-output>
        </test-method> <!-- validLogin -->
      </class> <!-- login.LoginWithPagesV -->
    </test> <!-- UsersTest -->
  </suite> <!-- Regression -->
</testng-results>
